
. capture set memory 32m

. capture use /homes/gelbach/nber/interact.dta

. set more 1

. set matsize 800

. 
. * Doing for moms with youngest kid = five
. keep if youngest == 5
(6885 observations deleted)

. 
. 
. macro drop cont79

. macro define cont79"   age age2 grade   centcity white  num1317 numge18 num61
> 2 othrlt18 othrge18 Jst*"

. 
. macro drop cont80

. macro define cont80"  age age2 grade   centcity white  num1317 numge18 num612
>  othrlt18 othrge18 Jst*"

. 
. do /homes/gelbach/nber/dofiles/macros2-shaken.do

. *the basic idea is to run regressions of the following form:
. * regress depvar endogvar $rhs ($exo)
. 
. * 1     simple OLS
. * 2     Wald, i.e. bivariate 2SLS                          
. * 3     2SLS using quarter main effects, with controls     
. * 4     2SLS using quarter*state of birth interactions only
. * 5     
. * 6
. * 7 
. * 8 
. * 9 
. * 10
. 
. macro define iv79_1     

. macro define iv79_2     "qtr1"

. macro define iv79_3     "Jqt*"

. macro define iv79_4     "Jqb* Jqt*"

. macro define iv79_5     "elig75qb" 

. macro define iv79_6     "kidage"

. macro define iv79_7     

. macro define iv79_8     

. macro define iv79_9     

. macro define iv79_10    

. 
.                 
. macro define rhs79_1    

. macro define rhs79_2    

. macro define rhs79_3    "$cont79  Jb* "

. macro define rhs79_4    "$cont79  Jb* "

. macro define rhs79_5    "$cont79  Jb* "

. macro define rhs79_6    "$cont79  Jb* "

. macro define rhs79_7       

. macro define rhs79_8       

. macro define rhs79_9     

. macro define rhs79_10   

. 
. 
. macro define exo79_1    "$rhs79_1  $iv79_1"

. macro define exo79_2    "$rhs79_2  $iv79_2"

. macro define exo79_3    "$rhs79_3  $iv79_3"

. macro define exo79_4    "$rhs79_4  $iv79_4"

. macro define exo79_5    "$rhs79_5  $iv79_5"

. macro define exo79_6    "$rhs79_6  $iv79_6"

. macro define exo79_7    "$rhs79_7  $iv79_7 "

. macro define exo79_8    "$rhs79_8  $iv79_8 "

. macro define exo79_9    "$rhs79_9  $iv79_9 "

. macro define exo79_10   "$rhs79_10 $iv79_10"

. 
. 
. 
. 
. macro define iv80_1     

. macro define iv80_2     "qtr1"     

. macro define iv80_3     "Jqt*"     

. macro define iv80_4     "Jqb* Jqt*"

. macro define iv80_5     "elig75qb" 

. macro define iv80_6     "kidage"

. macro define iv80_7     

. macro define iv80_8     

. macro define iv80_9     

. macro define iv80_10    

. 
.                 
. macro define rhs80_1    

. macro define rhs80_2    

. macro define rhs80_3    "$cont80  Jb* "

. macro define rhs80_4    "$cont80  Jb* "

. macro define rhs80_5    "$cont80  Jb* "

. macro define rhs80_6    "$cont80  Jb* "

. macro define rhs80_7       

. macro define rhs80_8       

. macro define rhs80_9     

. macro define rhs80_10   

. 
. 
. macro define exo80_1    "$rhs80_1  $iv80_1"

. macro define exo80_2    "$rhs80_2  $iv80_2"

. macro define exo80_3    "$rhs80_3  $iv80_3"

. macro define exo80_4    "$rhs80_4  $iv80_4"

. macro define exo80_5    "$rhs80_5  $iv80_5"

. macro define exo80_6    "$rhs80_6  $iv80_6"

. macro define exo80_7    "$rhs80_7  $iv80_7 "

. macro define exo80_8    "$rhs80_8  $iv80_8 "

. macro define exo80_9    "$rhs80_9  $iv80_9 "

. macro define exo80_10   "$rhs80_10 $iv80_10"

. 
. 
. 
end of do-file

. 
. *means
. *table begin 1 1 heading= means
. mysum age age2 grade   centcity white  num1317 numge18 num612 othrlt18 othrge
> 18 
--------
--------
---------+--------------------------------------------------
Variable |   Mean         S.E.      N
---------+--------------------------------------------------
     age |  30.69699  .05403745  10932 . . .
    age2 |  974.22425  3.5615958  10932 . . .
   grade |  11.715697  .02487253  10932 . . .
centcity |  .32034394  .00446296  10932 . . .
   white |  .6226674  .00463618  10932 . . .
 num1317 |  .27021588  .00626331  10932 . . .
 numge18 |  .06677644  .00306318  10932 . . .
  num612 |  .79372484  .0083571  10932 . . .
othrlt18 |  .06888035  .00348237  10932 . . .
othrge18 |  .19895719  .00466117  10932 . . .
--------

. *table end
. 
. *ols, with controls, youngest == 5
. *table begin 1 2  heading= ols
. reg hours public 

  Source |       SS       df       MS                  Number of obs =   10932
---------+------------------------------               F(  1, 10930) =   89.39
   Model |  36391.9098     1  36391.9098               Prob > F      =  0.0000
Residual |  4449657.06 10930  407.104946               R-squared     =  0.0081
---------+------------------------------               Adj R-squared =  0.0080
   Total |  4486048.97 10931  410.396942               Root MSE      =  20.177

------------------------------------------------------------------------------
   hours |      Coef.   Std. Err.       t     P>|t|       [95% Conf. Interval]
---------+--------------------------------------------------------------------
  public |  -3.784274   .4002518     -9.455   0.000       -4.56884   -2.999708
   _cons |   23.89174   .3183085     75.058   0.000       23.26779    24.51568
------------------------------------------------------------------------------

. *table end
. 
. *ols, no controls, youngest == 5
. *table begin 1 3   heading= ols
. reg hours public $cont80 Jbm*

  Source |       SS       df       MS                  Number of obs =   10932
---------+------------------------------               F(111, 10820) =   19.53
   Model |  748793.788   111  6745.88998               Prob > F      =  0.0000
Residual |  3737255.18 10820  345.402512               R-squared     =  0.1669
---------+------------------------------               Adj R-squared =  0.1584
   Total |  4486048.97 10931  410.396942               Root MSE      =  18.585

------------------------------------------------------------------------------
   hours |      Coef.   Std. Err.       t     P>|t|       [95% Conf. Interval]
---------+--------------------------------------------------------------------
  public |  -1.009154    .382502     -2.638   0.008      -1.758928   -.2593804
     age |   3.379124   .3103582     10.888   0.000       2.770765    3.987483
    age2 |  -.0488137   .0047186    -10.345   0.000      -.0580631   -.0395644
   grade |   1.512564   .0747035     20.248   0.000       1.366131    1.658996
centcity |  -1.945184   .4350676     -4.471   0.000      -2.797996   -1.092372
   white |   3.179691   .4280747      7.428   0.000       2.340586    4.018796
 num1317 |  -1.761417    .320286     -5.500   0.000      -2.389236   -1.133597
 numge18 |   .3091436   .6565509      0.471   0.638      -.9778164    1.596104
  num612 |   -3.75299   .2226256    -16.858   0.000      -4.189377   -3.316603
othrlt18 |  -2.350431   .5184901     -4.533   0.000      -3.366767   -1.334096
othrge18 |   1.468071   .3827214      3.836   0.000       .7178669    2.218275
 Jstat_2 |   -3.80972   5.667538     -0.672   0.501      -14.91913    7.299693
 Jstat_4 |   6.421882   3.294291      1.949   0.051      -.0355306     12.8793
 Jstat_5 |   4.279421   3.998475      1.070   0.285      -3.558322    12.11716
 Jstat_6 |   1.925984   2.563382      0.751   0.452      -3.098713    6.950682
 Jstat_8 |   .5818414     3.3563      0.173   0.862      -5.997122    7.160805
 Jstat_9 |  -3.083346   3.605187     -0.855   0.392      -10.15017     3.98348
Jstat_10 |    1.79683   5.407901      0.332   0.740      -8.803645    12.39731
Jstat_11 |   5.444843   4.328691      1.258   0.208      -3.040185    13.92987
Jstat_12 |   5.989428   2.646742      2.263   0.024       .8013288    11.17753
Jstat_13 |   4.234476   3.048572      1.389   0.165      -1.741285    10.21024
Jstat_15 |  -.7322094   4.696608     -0.156   0.876       -9.93842    8.474002
Jstat_16 |   4.501615   4.932729      0.913   0.361      -5.167438    14.17067
Jstat_17 |  -1.925848   2.783667     -0.692   0.489      -7.382346     3.53065
Jstat_18 |   .2828698   3.246787      0.087   0.931      -6.081428    6.647168
Jstat_19 |   4.591697   4.137544      1.110   0.267      -3.518648    12.70204
Jstat_20 |   6.190933   4.016879      1.541   0.123      -1.682886    14.06475
Jstat_21 |   1.388565    3.58356      0.387   0.698       -5.63587       8.413
Jstat_22 |   9.185299   3.705539      2.479   0.013       1.921763    16.44883
Jstat_23 |  -4.096862   5.787466     -0.708   0.479      -15.44136    7.247633
Jstat_24 |   3.287001    3.32143      0.990   0.322       -3.22361    9.797611
Jstat_25 |  -9.317594   3.060682     -3.044   0.002      -15.31709   -3.318097
Jstat_26 |  -5.092536   2.859271     -1.781   0.075      -10.69723    .5121598
Jstat_27 |   3.927635    3.79277      1.036   0.300      -3.506889    11.36216
Jstat_28 |   5.617827   3.683961      1.525   0.127      -1.603411    12.83907
Jstat_29 |   .3562153   3.241779      0.110   0.913      -5.998265    6.710696
Jstat_30 |  -1.200456   5.280254     -0.227   0.820      -11.55072    9.149809
Jstat_31 |   1.360201   4.867387      0.279   0.780       -8.18077    10.90117
Jstat_32 |    10.9358   5.202222      2.102   0.036       .7384919    21.13311
Jstat_33 |  -4.014751   6.058508     -0.663   0.508      -15.89054    7.861035
Jstat_34 |  -3.198983   2.933832     -1.090   0.276      -8.949832    2.551866
Jstat_35 |   6.084948   4.356354      1.397   0.163      -2.454303     14.6242
Jstat_36 |  -4.060596   2.691316     -1.509   0.131      -9.336069    1.214876
Jstat_37 |   1.067442   3.054152      0.350   0.727      -4.919255    7.054139
Jstat_38 |   -4.74697    6.44664     -0.736   0.462      -17.38356    7.889625
Jstat_39 |  -.3051487   2.824279     -0.108   0.914      -5.841253    5.230955
Jstat_40 |   2.930539   3.695352      0.793   0.428      -4.313029    10.17411
Jstat_41 |   1.021382    3.47568      0.294   0.769      -5.791586    7.834351
Jstat_42 |  -5.109204   3.033314     -1.684   0.092      -11.05506    .8366475
Jstat_44 |  -1.232207   5.653711     -0.218   0.827      -12.31452    9.850102
Jstat_45 |   3.136549   3.558658      0.881   0.378      -3.839072    10.11217
Jstat_47 |   1.386541   3.303465      0.420   0.675      -5.088856    7.861939
Jstat_48 |    8.27143   2.744579      3.014   0.003       2.891552    13.65131
Jstat_49 |   2.393082   4.348132      0.550   0.582      -6.130054    10.91622
Jstat_50 |  -17.31226   6.127665     -2.825   0.005       -29.3236   -5.300909
Jstat_51 |   2.178319   2.982409      0.730   0.465      -3.667749    8.024386
Jstat_53 |  -1.397439   3.214038     -0.435   0.664      -7.697542    4.902665
Jstat_54 |  -2.808125   4.204846     -0.668   0.504      -11.05039    5.434144
Jstat_55 |  -7.367607   3.394463     -2.170   0.030      -14.02138   -.7138371
Jstat_56 |   14.46348   5.645203      2.562   0.010       3.397854    25.52912
 Jbmod_2 |  -2.157357   5.430754     -0.397   0.691      -12.80263    8.487915
 Jbmod_4 |  -3.111098   3.354727     -0.927   0.354      -9.686978    3.464782
 Jbmod_5 |  -3.784522   3.992334     -0.948   0.343      -11.61023    4.041184
 Jbmod_6 |  -5.775181    2.55454     -2.261   0.024      -10.78255   -.7678148
 Jbmod_8 |  -.3346405   3.437942     -0.097   0.922      -7.073636    6.404355
 Jbmod_9 |  -4.744973   3.692696     -1.285   0.199      -11.98333    2.493387
Jbmod_10 |  -.8615661   5.497102     -0.157   0.875      -11.63689     9.91376
Jbmod_11 |  -5.639656   4.039735     -1.396   0.163      -13.55828    2.278965
Jbmod_12 |  -3.063117   2.674825     -1.145   0.252      -8.306263     2.18003
Jbmod_13 |  -2.753683   3.011151     -0.914   0.360       -8.65609    3.148724
Jbmod_15 |  -7.291972   4.491203     -1.624   0.104      -16.09555    1.511608
Jbmod_16 |  -2.879474   4.608887     -0.625   0.532      -11.91374    6.154789
Jbmod_17 |  -2.666649   2.757779     -0.967   0.334        -8.0724    2.739103
Jbmod_18 |  -.2191087   3.248432     -0.067   0.946       -6.58663    6.148413
Jbmod_19 |  -7.169641   4.201739     -1.706   0.088      -15.40582    1.066538
Jbmod_20 |  -4.837894   3.969736     -1.219   0.223       -12.6193    2.943517
Jbmod_21 |  -7.409041   3.569915     -2.075   0.038      -14.40673   -.4113533
Jbmod_22 |  -9.957287   3.665013     -2.717   0.007      -17.14139   -2.773189
Jbmod_23 |   -1.23134   5.779144     -0.213   0.831      -12.55952    10.09684
Jbmod_24 |   -6.09986   3.327051     -1.833   0.067      -12.62149    .4217688
Jbmod_25 |  -3.269307   3.089321     -1.058   0.290      -9.324943    2.786328
Jbmod_26 |  -4.172812   2.837764     -1.470   0.141      -9.735349    1.389725
Jbmod_27 |  -9.806696   3.907924     -2.509   0.012      -17.46694   -2.146449
Jbmod_28 |  -5.034474    3.61767     -1.392   0.164      -12.12577    2.056823
Jbmod_29 |  -1.667376   3.200818     -0.521   0.602      -7.941566    4.606814
Jbmod_30 |   -4.32309   5.734508     -0.754   0.451      -15.56378    6.917595
Jbmod_31 |  -3.940649   4.757076     -0.828   0.407      -13.26539    5.384091
Jbmod_32 |  -7.064385   5.187354     -1.362   0.173      -17.23255    3.103778
Jbmod_33 |   .0953115   5.987663      0.016   0.987       -11.6416    11.83223
Jbmod_34 |  -6.223125   2.943197     -2.114   0.035      -11.99233   -.4539192
Jbmod_35 |  -6.665267   4.224443     -1.578   0.115      -14.94595    1.615415
Jbmod_36 |  -3.935177   2.662223     -1.478   0.139      -9.153622    1.283268
Jbmod_37 |  -2.494357   3.051688     -0.817   0.414      -8.476225    3.487511
Jbmod_38 |   6.835778   5.901771      1.158   0.247      -4.732774    18.40433
Jbmod_39 |   -3.62583   2.790387     -1.299   0.194        -9.0955    1.843841
Jbmod_40 |  -4.438976    3.73513     -1.188   0.235      -11.76051    2.882562
Jbmod_41 |  -2.738498   3.591487     -0.762   0.446      -9.778471    4.301475
Jbmod_42 |   -3.06743   3.009249     -1.019   0.308      -8.966109    2.831248
Jbmod_44 |  -11.31457   5.716797     -1.979   0.048      -22.52053   -.1085973
Jbmod_45 |  -2.593966   3.504662     -0.740   0.459      -9.463745    4.275812
Jbmod_46 |   -3.15874   7.069697     -0.447   0.655      -17.01664    10.69916
Jbmod_47 |  -2.431987   3.260068     -0.746   0.456      -8.822317    3.958343
Jbmod_48 |  -6.407921   2.743447     -2.336   0.020      -11.78558   -1.030263
Jbmod_49 |  -3.121984    4.45343     -0.701   0.483      -11.85152    5.607555
Jbmod_50 |   5.598353   6.029697      0.928   0.353      -6.220958    17.41766
Jbmod_51 |  -3.382355   2.953757     -1.145   0.252       -9.17226     2.40755
Jbmod_53 |  -4.299288   3.231201     -1.331   0.183      -10.63303    2.034458
Jbmod_54 |  -6.078364   4.135239     -1.470   0.142      -14.18419    2.027463
Jbmod_55 |   .3737955   3.422205      0.109   0.913      -6.334354    7.081945
Jbmod_56 |  -8.723058   5.743961     -1.519   0.129      -19.98227    2.536158
Jbmod_99 |  -4.730397   2.591781     -1.825   0.068      -9.810763    .3499685
   _cons |  -46.06516   5.038688     -9.142   0.000      -55.94191   -36.18841
------------------------------------------------------------------------------

. *table end
. 
. * Wald, youngest == 5
. *table begin 1 4 stage1 heading= wald
. reg hours public     $rhs80_2        ($exo80_2)
                                                                        (2SLS)
  Source |       SS       df       MS                  Number of obs =   10932
---------+------------------------------               F(  1, 10930) =   10.03
   Model |  -100014.06     1  -100014.06               Prob > F      =  0.0015
Residual |  4586063.03 10930  419.584907               R-squared     =       .
---------+------------------------------               Adj R-squared =       .
   Total |  4486048.97 10931  410.396942               Root MSE      =  20.484

------------------------------------------------------------------------------
   hours |      Coef.   Std. Err.       t     P>|t|       [95% Conf. Interval]
---------+--------------------------------------------------------------------
  public |   3.542231   1.118518      3.167   0.002       1.349734    5.734728
   _cons |   19.25805   .7340391     26.236   0.000        17.8192     20.6969
------------------------------------------------------------------------------

. stage1  public          $exo80_2,       f($iv80_2)
qtr1
F       1661.8161 df      1
p-value 0

. *table end
. 
. *2sls, using quarter main effects for iv, youngest == 5
. *table begin 1 5 overid stage1   heading= qob
. reg hours public     $rhs80_3        ($exo80_3)
                                                                        (2SLS)
  Source |       SS       df       MS                  Number of obs =   10932
---------+------------------------------               F(111, 10820) =   19.38
   Model |  716197.233   111  6452.22733               Prob > F      =  0.0000
Residual |  3769851.74 10820  348.415133               R-squared     =  0.1596
---------+------------------------------               Adj R-squared =  0.1510
   Total |  4486048.97 10931  410.396942               Root MSE      =  18.666

------------------------------------------------------------------------------
   hours |      Coef.   Std. Err.       t     P>|t|       [95% Conf. Interval]
---------+--------------------------------------------------------------------
  public |   2.706684   .8852813      3.057   0.002       .9713705    4.441998
     age |    3.38782   .3117143     10.868   0.000       2.776803    3.998837
    age2 |  -.0487757   .0047391    -10.292   0.000      -.0580653   -.0394861
   grade |   1.546855   .0753887     20.518   0.000       1.399079    1.694631
centcity |  -1.862157   .4373241     -4.258   0.000      -2.719392   -1.004921
   white |   3.565802   .4378524      8.144   0.000       2.707531    4.424073
 num1317 |  -1.908832   .3232322     -5.905   0.000      -2.542427   -1.275238
 numge18 |     .18721   .6599271      0.284   0.777      -1.106368    1.480788
  num612 |  -3.892771   .2255984    -17.255   0.000      -4.334985   -3.450556
othrlt18 |  -2.392244   .5208237     -4.593   0.000      -3.413153   -1.371334
othrge18 |   1.483976    .384402      3.860   0.000       .7304774    2.237474
 Jstat_2 |  -4.854699   5.696618     -0.852   0.394      -16.02111    6.311716
 Jstat_4 |   6.048392   3.309597      1.828   0.068      -.4390244    12.53581
 Jstat_5 |   3.948236   4.016504      0.983   0.326      -3.924847    11.82132
 Jstat_6 |   1.045007   2.581472      0.405   0.686      -4.015151    6.105164
 Jstat_8 |   .1680518   3.372075      0.050   0.960      -6.441833    6.777937
 Jstat_9 |  -4.348421   3.631042     -1.198   0.231      -11.46593    2.769087
Jstat_10 |   .4060078   5.439631      0.075   0.941      -10.25667    11.06868
Jstat_11 |   4.296697   4.354507      0.987   0.324      -4.238935    12.83233
Jstat_12 |   5.179965   2.663931      1.944   0.052       -.041829    10.40176
Jstat_13 |   4.093693   3.061988      1.337   0.181      -1.908364    10.09575
Jstat_15 |  -2.100522    4.72618     -0.444   0.657       -11.3647    7.163656
Jstat_16 |   4.816527   4.954656      0.972   0.331      -4.895506    14.52856
Jstat_17 |  -2.641763        2.8     -0.943   0.345      -8.130277    2.846751
Jstat_18 |  -.1762115   3.262404     -0.054   0.957      -6.571122    6.218699
Jstat_19 |   4.115953   4.156804      0.990   0.322      -4.032143    12.26405
Jstat_20 |   5.933578   4.034737      1.471   0.141      -1.975245     13.8424
Jstat_21 |   1.409042   3.599157      0.391   0.695      -5.645965    8.464049
Jstat_22 |   7.953841   3.731039      2.132   0.033       .6403221    15.26736
Jstat_23 |  -5.014084   5.815984     -0.862   0.389      -16.41448     6.38631
Jstat_24 |   2.089901   3.345764      0.625   0.532       -4.46841    8.648211
Jstat_25 |   -10.5592   3.085532     -3.422   0.001      -16.60741   -4.510993
Jstat_26 |  -5.799737   2.875723     -2.017   0.044      -11.43668   -.1627934
Jstat_27 |   3.900786   3.809279      1.024   0.306      -3.566098    11.36767
Jstat_28 |   6.190086    3.70203      1.672   0.095      -1.066571    13.44674
Jstat_29 |   -.152763   3.257718     -0.047   0.963      -6.538487    6.232961
Jstat_30 |   -1.43549   5.303471     -0.271   0.787      -11.83126    8.960285
Jstat_31 |     .78853   4.890108      0.161   0.872      -8.796977    10.37404
Jstat_32 |   10.06791    5.22818      1.926   0.054      -.1802772     20.3161
Jstat_33 |   -5.15027   6.089752     -0.846   0.398       -17.0873    6.786759
Jstat_34 |  -4.071429   2.952544     -1.379   0.168      -9.858956    1.716098
Jstat_35 |   6.132888   4.375323      1.402   0.161      -2.443546    14.70932
Jstat_36 |   -4.74403   2.707005     -1.753   0.080      -10.05026    .5621963
Jstat_37 |   1.028739   3.067454      0.335   0.737      -4.984031     7.04151
Jstat_38 |   -4.29491    6.47542     -0.663   0.507      -16.98792    8.398099
Jstat_39 |  -.8576574   2.839047     -0.302   0.763      -6.422709    4.707394
Jstat_40 |   2.503125   3.712567      0.674   0.500      -4.774185    9.780436
Jstat_41 |   .6597686   3.491667      0.189   0.850      -6.184539    7.504076
Jstat_42 |  -5.864316   3.050822     -1.922   0.055      -11.84449    .1158541
Jstat_44 |  -1.831714   5.679771     -0.322   0.747      -12.96511    9.301677
Jstat_45 |   2.461483   3.577079      0.688   0.491      -4.550248    9.473214
Jstat_47 |   .7451076   3.320696      0.224   0.822      -5.764065     7.25428
Jstat_48 |   8.311178   2.756536      3.015   0.003       2.907863    13.71449
Jstat_49 |   1.435931   4.371883      0.328   0.743      -7.133761    10.00562
Jstat_50 |  -17.05611   6.154576     -2.771   0.006       -29.1202   -4.992012
Jstat_51 |   1.537271   2.998546      0.513   0.608      -4.340428    7.414969
Jstat_53 |  -1.805444   3.229212     -0.559   0.576      -8.135291    4.524403
Jstat_54 |  -3.279867   4.224357     -0.776   0.438      -11.56038    5.000648
Jstat_55 |  -7.974739   3.411724     -2.337   0.019      -14.66234   -1.287134
Jstat_56 |   13.34941   5.674809      2.352   0.019        2.22575    24.47308
 Jbmod_2 |  -1.952309   5.454564     -0.358   0.720      -12.64425    8.739635
 Jbmod_4 |  -3.535312   3.370556     -1.049   0.294      -10.14222    3.071594
 Jbmod_5 |  -3.585546   4.009934     -0.894   0.371      -11.44575     4.27466
 Jbmod_6 |   -5.73562    2.56567     -2.236   0.025       -10.7648   -.7064366
 Jbmod_8 |  -.3501941   3.452904     -0.101   0.919      -7.118518     6.41813
 Jbmod_9 |  -4.903353    3.70892     -1.322   0.186      -12.17352     2.36681
Jbmod_10 |  -.7787414   5.521051     -0.141   0.888      -11.60101    10.04353
Jbmod_11 |  -5.609481    4.05732     -1.383   0.167      -13.56257    2.343609
Jbmod_12 |  -3.101579   2.686477     -1.155   0.248      -8.367566    2.164409
Jbmod_13 |  -3.048112   3.024914     -1.008   0.314      -8.977498    2.881274
Jbmod_15 |  -6.701745   4.512525     -1.485   0.138      -15.54712    2.143631
Jbmod_16 |  -3.608906    4.63159     -0.779   0.436      -12.68767     5.46986
Jbmod_17 |  -2.865624   2.770109     -1.034   0.301      -8.295545    2.564296
Jbmod_18 |   .0407661   3.263044      0.012   0.990      -6.355399    6.436931
Jbmod_19 |  -7.305161   4.220123     -1.731   0.083      -15.57738     .967054
Jbmod_20 |  -5.307555   3.988285     -1.331   0.183      -13.12532    2.510214
Jbmod_21 |  -7.716354   3.586057     -2.152   0.031      -14.74568   -.6870259
Jbmod_22 |  -9.843518   3.681043     -2.674   0.008      -17.05904   -2.627999
Jbmod_23 |  -.8747082   5.804797     -0.151   0.880      -12.25317    10.50376
Jbmod_24 |  -6.188345   3.341582     -1.852   0.064      -12.73846    .3617686
Jbmod_25 |  -3.205238   3.102795     -1.033   0.302      -9.287284    2.876809
Jbmod_26 |  -4.450884   2.850738     -1.561   0.118      -10.03885    1.137084
Jbmod_27 |  -10.10958   3.925468     -2.575   0.010      -17.80422   -2.414948
Jbmod_28 |  -5.648432   3.635802     -1.554   0.120      -12.77527    1.478406
Jbmod_29 |  -1.737804   3.214782     -0.541   0.589      -8.039367    4.563758
Jbmod_30 |  -4.328915   5.759462     -0.752   0.452      -15.61852    6.960685
Jbmod_31 |  -4.679957   4.780411     -0.979   0.328      -14.05044    4.690525
Jbmod_32 |  -7.282634   5.210137     -1.398   0.162      -17.49546    2.930189
Jbmod_33 |   1.008527   6.016912      0.168   0.867      -10.78572    12.80278
Jbmod_34 |  -6.334566   2.956102     -2.143   0.032      -12.12907   -.5400658
Jbmod_35 |  -6.807996   4.242936     -1.605   0.109      -15.12493    1.508936
Jbmod_36 |  -4.162087   2.674252     -1.556   0.120       -9.40411    1.079936
Jbmod_37 |   -3.02602   3.067092     -0.987   0.324      -9.038081    2.986042
Jbmod_38 |   7.328932   5.928398      1.236   0.216      -4.291814    18.94968
Jbmod_39 |  -3.570767   2.802555     -1.274   0.203      -9.064288    1.922754
Jbmod_40 |  -5.263171   3.755552     -1.401   0.161      -12.62474    2.098399
Jbmod_41 |  -2.328782   3.608188     -0.645   0.519      -9.401491    4.743927
Jbmod_42 |  -3.141237   3.022385     -1.039   0.299      -9.065665    2.783192
Jbmod_44 |  -11.30952   5.741674     -1.970   0.049      -22.56425   -.0547843
Jbmod_45 |  -2.502063   3.519968     -0.711   0.477      -9.401844    4.397719
Jbmod_46 |  -3.695793   7.101397     -0.520   0.603      -17.61583    10.22425
Jbmod_47 |  -2.655465   3.274606     -0.811   0.417      -9.074292    3.763361
Jbmod_48 |  -6.719984   2.756199     -2.438   0.015      -12.12264   -1.317329
Jbmod_49 |  -3.120548   4.472809     -0.698   0.485      -11.88807    5.646978
Jbmod_50 |   5.400921   6.056084      0.892   0.373      -6.470113    17.27196
Jbmod_51 |   -3.68649   2.967329     -1.242   0.214      -9.502998    2.130018
Jbmod_53 |  -4.257563   3.245274     -1.312   0.190      -10.61889    2.103769
Jbmod_54 |  -6.447099   4.153988     -1.552   0.121      -14.58968    1.695479
Jbmod_55 |   .1435269   3.437453      0.042   0.967       -6.59451    6.881564
Jbmod_56 |  -7.519785   5.774735     -1.302   0.193      -18.83932    3.799754
Jbmod_99 |  -4.694813   2.603071     -1.804   0.071      -9.797309    .4076819
   _cons |  -48.51054   5.087762     -9.535   0.000      -58.48348    -38.5376
------------------------------------------------------------------------------

. overid     $exo80_3
age age2 grade centcity white num1317 numge18 num612 othrlt18 othrge18 Jstat_2 
> Jstat_4 Jstat_5 Jstat_6 Jstat_8 Jstat_9 Jstat_10 Jstat_11 Jstat_12 Jstat_13 J
> stat_15 Jstat_16 Jstat_17 Jstat_18 Jstat_19 Jstat_20 Jstat_21 Jstat_22 Jstat_
> 23 Jstat_24 Jstat_25 Jstat_26 Jstat_27 Jstat_28 Jstat_29 Jstat_30 Jstat_31 Js
> tat_32 Jstat_33 Jstat_34 Jstat_35 Jstat_36 Jstat_37 Jstat_38 Jstat_39 Jstat_4
> 0 Jstat_41 Jstat_42 Jstat_44 Jstat_45 Jstat_47 Jstat_48 Jstat_49 Jstat_50 Jst
> at_51 Jstat_53 Jstat_54 Jstat_55 Jstat_56 Jbmod_2 Jbmod_4 Jbmod_5 Jbmod_6 Jbm
> od_8 Jbmod_9 Jbmod_10 Jbmod_11 Jbmod_12 Jbmod_13 Jbmod_15 Jbmod_16 Jbmod_17 J
> bmod_18 Jbmod_19 Jbmod_20 Jbmod_21 Jbmod_22 Jbmod_23 Jbmod_24 Jbmod_25 Jbmod_
> 26 Jbmod_27 Jbmod_28 Jbmod_29 Jbmod_30 Jbmod_31 Jbmod_32 Jbmod_33 Jbmod_34 Jb
> mod_35 Jbmod_36 Jbmod_37 Jbmod_38 Jbmod_39 Jbmod_40 Jbmod_41 Jbmod_42 Jbmod_4
> 4 Jbmod_45 Jbmod_46 Jbmod_47 Jbmod_48 Jbmod_49 Jbmod_50 Jbmod_51 Jbmod_53 Jbm
> od_54 Jbmod_55 Jbmod_56 Jbmod_99 Jqtrk5_1 Jqtrk5_2 Jqtrk5_3
chi2    .54544245 df      2
p-value .76130499

. stage1  public   $exo80_3,  f($iv80_3)
Jqt*
F       836.58979 df      3
p-value 0

. *table end
. 
. 
. 
.                   
. * Doing for moms with youngest kid less than five
. clear

. capture use /homes/gelbach/nber/interact.dta

. 
. keep if youngest < 5 
(10932 observations deleted)

. 
. macro drop cont80

. macro define cont80"   age age2 grade   centcity white num05 num1317 numge18 
> num612 othrlt18 othrge18 Jst*"

. 
. macro drop cont80

. macro define cont80"  age age2 grade   centcity white num05 num1317 numge18 n
> um612 othrlt18 othrge18 Jst*"

.        
. do macros2-shaken
file macros2-shaken.do not found
r(601);

. 
. *means
. *table begin 2 1 heading= means
. mysum age age2 grade   centcity white  num1317 numge18 num612 othrlt18 othrge
> 18 
--------
--------
---------+--------------------------------------------------
Variable |   Mean         S.E.      N
---------+--------------------------------------------------
     age |  27.621714  .05825326  6885 . . .
    age2 |  786.31954  3.5696546  6885 . . .
   grade |  10.923166  .03061183  6885 . . .
centcity |  .37530864  .00583588  6885 . . .
   white |  .48772694  .00602447  6885 . . .
 num1317 |  .13391431  .00585452  6885 . . .
 numge18 |  .02701525  .00268219  6885 . . .
  num612 |  .62846768  .01047805  6885 . . .
othrlt18 |  .06623094  .00413858  6885 . . .
othrge18 |  .18736383  .00589362  6885 . . .
--------

. *table end
. 
. *ols, with controls, youngest < 5
. *table begin 2 2  heading= ols
. reg hours public 

  Source |       SS       df       MS                  Number of obs =    6885
---------+------------------------------               F(  1,  6883) =   24.45
   Model |  7964.76059     1  7964.76059               Prob > F      =  0.0000
Residual |  2241857.27  6883  325.709323               R-squared     =  0.0035
---------+------------------------------               Adj R-squared =  0.0034
   Total |  2249822.03  6884  326.819005               Root MSE      =  18.047

------------------------------------------------------------------------------
   hours |      Coef.   Std. Err.       t     P>|t|       [95% Conf. Interval]
---------+--------------------------------------------------------------------
  public |  -2.259082   .4568364     -4.945   0.000      -3.154623   -1.363542
   _cons |   13.18988   .3690841     35.737   0.000       12.46636     13.9134
------------------------------------------------------------------------------

. *table end
. 
. *ols, no controls, youngest < 5
. *table begin 2 3   heading= ols
. reg hours public $cont80 Jbm*

  Source |       SS       df       MS                  Number of obs =    6885
---------+------------------------------               F(112,  6772) =   11.66
   Model |  363746.334   112  3247.73513               Prob > F      =  0.0000
Residual |  1886075.70  6772  278.510883               R-squared     =  0.1617
---------+------------------------------               Adj R-squared =  0.1478
   Total |  2249822.03  6884  326.819005               Root MSE      =  16.689

------------------------------------------------------------------------------
   hours |      Coef.   Std. Err.       t     P>|t|       [95% Conf. Interval]
---------+--------------------------------------------------------------------
  public |  -1.430543   .4336956     -3.298   0.001      -2.280723   -.5803636
     age |   1.946957   .3926088      4.959   0.000        1.17732    2.716593
    age2 |  -.0277057   .0064397     -4.302   0.000      -.0403295    -.015082
   grade |   1.246349   .0865622     14.398   0.000        1.07666    1.416038
centcity |  -2.176888   .4836433     -4.501   0.000      -3.124981   -1.228796
   white |   2.106371   .4747641      4.437   0.000       1.175684    3.037058
   num05 |  -4.301425   .3879477    -11.088   0.000      -5.061924   -3.540926
 num1317 |  -1.588771   .4937301     -3.218   0.001      -2.556637   -.6209049
 numge18 |   3.550337   1.036145      3.426   0.001       1.519167    5.581506
  num612 |  -2.078749   .2643073     -7.865   0.000      -2.596874   -1.560623
othrlt18 |   .1605872   .6248105      0.257   0.797      -1.064238    1.385412
othrge18 |   2.685138   .4381996      6.128   0.000       1.826129    3.544147
 Jstat_2 |   4.048832    5.87975      0.689   0.491      -7.477326    15.57499
 Jstat_4 |   6.249848    3.60729      1.733   0.083      -.8215751    13.32127
 Jstat_5 |  -.8955076   3.704695     -0.242   0.809      -8.157874    6.366859
 Jstat_6 |   .1979556   2.791579      0.071   0.943      -5.274417    5.670328
 Jstat_8 |   1.581613   3.825042      0.413   0.679      -5.916671    9.079897
 Jstat_9 |  -3.739726   4.061594     -0.921   0.357      -11.70173    4.222276
Jstat_10 |  -6.898849   5.654015     -1.220   0.222       -17.9825    4.184798
Jstat_11 |  -8.130805   5.426324     -1.498   0.134      -18.76811    2.506495
Jstat_12 |   3.478116   2.936297      1.185   0.236       -2.27795    9.234181
Jstat_13 |   .7083008   3.394229      0.209   0.835      -5.945455    7.362057
Jstat_15 |  -6.617896   5.670728     -1.167   0.243      -17.73431    4.498513
Jstat_16 |  -4.084717   5.061743     -0.807   0.420      -14.00732    5.837889
Jstat_17 |  -1.860197   3.003014     -0.619   0.536      -7.747049    4.026655
Jstat_18 |   1.799038    3.46246      0.520   0.603      -4.988472    8.586548
Jstat_19 |  -4.371072   4.733132     -0.924   0.356       -13.6495    4.907354
Jstat_20 |   -.709205   4.185993     -0.169   0.865      -8.915066    7.496656
Jstat_21 |  -4.188364   3.732682     -1.122   0.262      -11.50559    3.128866
Jstat_22 |   3.658515   3.995152      0.916   0.360      -4.173238    11.49027
Jstat_23 |   7.479583   8.076701      0.926   0.354      -8.353289    23.31245
Jstat_24 |  -4.544029   3.993978     -1.138   0.255      -12.37348    3.285424
Jstat_25 |  -5.666626   3.586851     -1.580   0.114      -12.69798    1.364729
Jstat_26 |  -4.255987   3.018636     -1.410   0.159      -10.17346    1.661489
Jstat_27 |   3.330832   5.050918      0.659   0.510      -6.570555    13.23222
Jstat_28 |   5.134364   3.554349      1.445   0.149      -1.833277      12.102
Jstat_29 |   5.490131   3.656445      1.501   0.133      -1.677651    12.65791
Jstat_30 |  -.5442178   5.612349     -0.097   0.923      -11.54619    10.45775
Jstat_31 |   10.16138   5.254022      1.934   0.053       -.138151    20.46092
Jstat_32 |   9.787564   5.969165      1.640   0.101      -1.913874      21.489
Jstat_33 |   2.983845   7.544261      0.396   0.692      -11.80528    17.77297
Jstat_34 |  -7.936408   3.343846     -2.373   0.018       -14.4914   -1.381419
Jstat_35 |  -.7077561    5.09321     -0.139   0.889      -10.69205    9.276537
Jstat_36 |  -7.148341   2.962777     -2.413   0.016      -12.95632   -1.340366
Jstat_37 |   7.359106   4.038395      1.822   0.068      -.5574166    15.27563
Jstat_38 |    1.24203   6.606426      0.188   0.851      -11.70864     14.1927
Jstat_39 |  -.9577162   3.083799     -0.311   0.756       -7.00293    5.087498
Jstat_40 |  -2.008145   3.772735     -0.532   0.595      -9.403891    5.387602
Jstat_41 |  -4.624824   3.803085     -1.216   0.224      -12.08007    2.830419
Jstat_42 |  -3.857249   3.396278     -1.136   0.256      -10.51502    2.800524
Jstat_44 |  -8.035088    5.77266     -1.392   0.164      -19.35132     3.28114
Jstat_45 |   -3.23655   3.792317     -0.853   0.393      -10.67068    4.197584
Jstat_47 |   2.579894   3.813862      0.676   0.499      -4.896474    10.05626
Jstat_48 |   6.097961   3.028035      2.014   0.044        .162062    12.03386
Jstat_49 |  -1.777118   4.647707     -0.382   0.702      -10.88808    7.333848
Jstat_50 |  -18.02087    8.00017     -2.253   0.024      -33.70372   -2.338021
Jstat_51 |  -.6125826   3.344604     -0.183   0.855      -7.169058    5.943893
Jstat_53 |   -4.20297   3.373075     -1.246   0.213      -10.81526    2.409317
Jstat_54 |  -4.594766   5.001101     -0.919   0.358       -14.3985    5.208964
Jstat_55 |  -3.130041   3.964969     -0.789   0.430      -10.90263    4.642544
Jstat_56 |   13.14479   8.673858      1.515   0.130      -3.858695    30.14828
 Jbmod_2 |  -6.062964   6.207735     -0.977   0.329      -18.23208    6.106147
 Jbmod_4 |   3.211956   3.489547      0.920   0.357      -3.628653    10.05256
 Jbmod_5 |   5.473865   3.719628      1.472   0.141      -1.817775    12.76551
 Jbmod_6 |  -.1106231   2.739946     -0.040   0.968      -5.481778    5.260532
 Jbmod_8 |   1.071961   3.704562      0.289   0.772      -6.190144    8.334067
 Jbmod_9 |   2.036896   4.275347      0.476   0.634      -6.344128    10.41792
Jbmod_10 |   10.25984   5.974439      1.717   0.086      -1.451939    21.97162
Jbmod_11 |   12.95522   5.279318      2.454   0.014       2.606099    23.30434
Jbmod_12 |  -1.562027   2.907292     -0.537   0.591      -7.261233    4.137179
Jbmod_13 |    3.18234   3.312401      0.961   0.337      -3.311008    9.675687
Jbmod_15 |   1.798801   5.309646      0.339   0.735      -8.609774    12.20738
Jbmod_16 |   8.258953   4.840045      1.706   0.088      -1.229056    17.74696
Jbmod_17 |    .268851   2.940834      0.091   0.927      -5.496108     6.03381
Jbmod_18 |  -.7373105   3.400197     -0.217   0.828      -7.402766    5.928145
Jbmod_19 |  -1.284404   4.766171     -0.269   0.788       -10.6276     8.05879
Jbmod_20 |   7.344595   4.202448      1.748   0.081      -.8935241    15.58271
Jbmod_21 |    2.17833   3.688624      0.591   0.555      -5.052532    9.409192
Jbmod_22 |  -2.417834   3.915219     -0.618   0.537      -10.09289    5.257226
Jbmod_23 |  -8.350762   8.455378     -0.988   0.323      -24.92596    8.224437
Jbmod_24 |   3.694411   3.943513      0.937   0.349      -4.036113    11.42494
Jbmod_25 |  -1.673122   3.580609     -0.467   0.640      -8.692241    5.345997
Jbmod_26 |  -1.561847    2.97561     -0.525   0.600      -7.394978    4.271284
Jbmod_27 |  -4.440703   5.205876     -0.853   0.394      -14.64586     5.76445
Jbmod_28 |   1.138412   3.426095      0.332   0.740      -5.577811    7.854636
Jbmod_29 |  -4.121333   3.563386     -1.157   0.247      -11.10669    2.864024
Jbmod_30 |   4.030854   5.866018      0.687   0.492      -7.468384    15.53009
Jbmod_31 |   .2787126   5.289677      0.053   0.958      -10.09072    10.64814
Jbmod_32 |  -10.69207   5.495082     -1.946   0.052      -21.46416    .0800189
Jbmod_33 |  -6.934619   7.470708     -0.928   0.353      -21.57955    7.710316
Jbmod_34 |   2.240499    3.34879      0.669   0.503      -4.324181    8.805179
Jbmod_35 |  -1.009027   5.267122     -0.192   0.848      -11.33424    9.316188
Jbmod_36 |   1.942399   2.894803      0.671   0.502      -3.732325    7.617123
Jbmod_37 |  -.5677271   3.973253     -0.143   0.886      -8.356552    7.221098
Jbmod_38 |  -1.710354   7.095939     -0.241   0.810      -15.62063    12.19992
Jbmod_39 |  -.3236607   3.029208     -0.107   0.915       -6.26186    5.614538
Jbmod_40 |   3.118115   3.828897      0.814   0.415      -4.387726    10.62396
Jbmod_41 |    1.50689   3.902884      0.386   0.699       -6.14399     9.15777
Jbmod_42 |  -1.641025   3.351379     -0.490   0.624      -8.210782    4.928732
Jbmod_44 |  -2.067063   5.891361     -0.351   0.726      -13.61598    9.481857
Jbmod_45 |   8.268933   3.761905      2.198   0.028       .8944174    15.64345
Jbmod_46 |  -5.351322    10.3138     -0.519   0.604      -25.56962    14.86697
Jbmod_47 |  -2.457589   3.624555     -0.678   0.498      -9.562856    4.647678
Jbmod_48 |  -.4661655   2.973864     -0.157   0.875      -6.295873    5.363542
Jbmod_49 |   .5217501   4.986543      0.105   0.917       -9.25344    10.29694
Jbmod_50 |   3.790485   8.445502      0.449   0.654      -12.76535    20.34632
Jbmod_51 |   .6578261   3.312032      0.199   0.843      -5.834797    7.150449
Jbmod_53 |   2.984424   3.534447      0.844   0.398      -3.944203    9.913051
Jbmod_54 |  -.8095276   4.601115     -0.176   0.860      -9.829159    8.210104
Jbmod_55 |   .6072472    4.07778      0.149   0.882      -7.386482    8.600977
Jbmod_56 |  -2.623444   9.271177     -0.283   0.777      -20.79786    15.55098
Jbmod_99 |   1.375814   2.787832      0.494   0.622      -4.089212     6.84084
   _cons |  -21.84009   5.985891     -3.649   0.000      -33.57432   -10.10586
------------------------------------------------------------------------------

. *table end
. 
. * Wald, youngest < 5
. *table begin 2 4 stage1 heading= wald
. reg hours public     $rhs80_2        ($exo80_2)
                                                                        (2SLS)
  Source |       SS       df       MS                  Number of obs =    6885
---------+------------------------------               F(  1,  6883) =    0.81
   Model | -9418.81578     1 -9418.81578               Prob > F      =  0.3675
Residual |  2259240.85  6883  328.234905               R-squared     =       .
---------+------------------------------               Adj R-squared =       .
   Total |  2249822.03  6884  326.819005               Root MSE      =  18.117

------------------------------------------------------------------------------
   hours |      Coef.   Std. Err.       t     P>|t|       [95% Conf. Interval]
---------+--------------------------------------------------------------------
  public |   1.078371    1.19649      0.901   0.367      -1.267118    3.423861
   _cons |   11.01145   .8109247     13.579   0.000       9.421782    12.60111
------------------------------------------------------------------------------

. stage1  public          $exo80_2,       f($iv80_2)
qtr1
F       1185.3372 df      1
p-value 8.205e-240

. *table end
. 
. *2sls, using quarter main effects for iv, youngest < 5
. *table begin 2 5 overid stage1   heading= qob
. reg hours public     $rhs80_3        ($exo80_3)
                                                                        (2SLS)
  Source |       SS       df       MS                  Number of obs =    6885
---------+------------------------------               F(111,  6773) =   10.38
   Model |  329303.165   111  2966.69518               Prob > F      =  0.0000
Residual |  1920518.87  6773  283.555126               R-squared     =  0.1464
---------+------------------------------               Adj R-squared =  0.1324
   Total |  2249822.03  6884  326.819005               Root MSE      =  16.839

------------------------------------------------------------------------------
   hours |      Coef.   Std. Err.       t     P>|t|       [95% Conf. Interval]
---------+--------------------------------------------------------------------
  public |  -1.075544   .9744205     -1.104   0.270      -2.985714    .8346268
     age |   2.080881   .3980991      5.227   0.000       1.300481     2.86128
    age2 |  -.0293558   .0065326     -4.494   0.000      -.0421617     -.01655
   grade |   1.368249   .0866719     15.787   0.000       1.198345    1.538153
centcity |  -2.115682   .4890076     -4.326   0.000      -3.074291   -1.157074
   white |   2.781057   .4835272      5.752   0.000       1.833192    3.728922
 num1317 |  -1.274812    .497483     -2.563   0.010      -2.250035   -.2995894
 numge18 |   3.663216    1.04667      3.500   0.000       1.611413    5.715019
  num612 |  -2.075031   .2669038     -7.774   0.000      -2.598246   -1.551816
othrlt18 |    .257521   .6303822      0.409   0.683      -.9782261    1.493268
othrge18 |    2.70292   .4423105      6.111   0.000       1.835852    3.569987
 Jstat_2 |    4.39128   5.936789      0.740   0.460      -7.246691    16.02925
 Jstat_4 |    5.89972    3.64561      1.618   0.106       -1.24682    13.04626
 Jstat_5 |  -.3188138   3.742145     -0.085   0.932      -7.654593    7.016966
 Jstat_6 |   .0978285   2.840138      0.034   0.973      -5.469735    5.665392
 Jstat_8 |   1.391856   3.872559      0.359   0.719      -6.199576    8.983288
 Jstat_9 |  -3.320887   4.116828     -0.807   0.420      -11.39116     4.74939
Jstat_10 |  -6.559379   5.718426     -1.147   0.251      -17.76929    4.650534
Jstat_11 |  -7.099889     5.4893     -1.293   0.196      -17.86064    3.660863
Jstat_12 |   3.764084   2.973755      1.266   0.206      -2.065409    9.593577
Jstat_13 |   .9887307   3.432483      0.288   0.773      -5.740015    7.717477
Jstat_15 |  -6.525134   5.731516     -1.138   0.255      -17.76071    4.710439
Jstat_16 |  -5.283193   5.119201     -1.032   0.302      -15.31844    4.752049
Jstat_17 |  -1.847842   3.048473     -0.606   0.544      -7.823806    4.128123
Jstat_18 |   1.947864   3.501029      0.556   0.578      -4.915252     8.81098
Jstat_19 |  -4.943628   4.787316     -1.033   0.302      -14.32827    4.441016
Jstat_20 |  -.7210758   4.227962     -0.171   0.865      -9.009211    7.567059
Jstat_21 |  -3.414855   3.766895     -0.907   0.365      -10.79915    3.969442
Jstat_22 |   4.357024   4.044341      1.077   0.281      -3.571155     12.2852
Jstat_23 |   8.204997   8.174985      1.004   0.316      -7.820543    24.23054
Jstat_24 |  -3.972733   4.046691     -0.982   0.326      -11.90552    3.960053
Jstat_25 |   -5.79177   3.654453     -1.585   0.113      -12.95565    1.372107
Jstat_26 |  -4.315057   3.068662     -1.406   0.160       -10.3306    1.700484
Jstat_27 |   3.327438   5.104019      0.652   0.514      -6.678043    13.33292
Jstat_28 |   5.261386   3.588922      1.466   0.143      -1.774028     12.2968
Jstat_29 |    5.67966   3.697804      1.536   0.125      -1.569197    12.92852
Jstat_30 |  -.4933619   5.663268     -0.087   0.931      -11.59515    10.60842
Jstat_31 |   10.03205   5.316742      1.887   0.059      -.3904348    20.45453
Jstat_32 |    9.83172   6.026919      1.631   0.103      -1.982935    21.64638
Jstat_33 |   3.732153    7.61466      0.490   0.624      -11.19497    18.65928
Jstat_34 |   -7.58694   3.385516     -2.241   0.025      -14.22362   -.9502648
Jstat_35 |  -.5469139    5.14167     -0.106   0.915       -10.6262    9.532376
Jstat_36 |  -6.674379   3.001379     -2.224   0.026      -12.55802   -.7907334
Jstat_37 |   7.988707   4.082595      1.957   0.050      -.0144625    15.99188
Jstat_38 |   .2197838   6.665432      0.033   0.974      -12.84656    13.28613
Jstat_39 |  -.5392459   3.123414     -0.173   0.863      -6.662119    5.583627
Jstat_40 |  -2.315316    3.82025     -0.606   0.544      -9.804206    5.173575
Jstat_41 |  -5.130347   3.848247     -1.333   0.183      -12.67412    2.413426
Jstat_42 |  -3.568826   3.447266     -1.035   0.301      -10.32655    3.188899
Jstat_44 |  -7.427881   5.833128     -1.273   0.203      -18.86264    4.006882
Jstat_45 |  -2.841263   3.837593     -0.740   0.459      -10.36415    4.681626
Jstat_47 |   2.744981   3.863305      0.711   0.477       -4.82831    10.31827
Jstat_48 |   6.065745   3.058791      1.983   0.047        .069554    12.06194
Jstat_49 |  -3.219621   4.705084     -0.684   0.494      -12.44306    6.003822
Jstat_50 |   -17.2588   8.078255     -2.136   0.033      -33.09472   -1.422883
Jstat_51 |     -.4228   3.395268     -0.125   0.901      -7.078591    6.232991
Jstat_53 |  -4.071422   3.415494     -1.192   0.233      -10.76686     2.62402
Jstat_54 |  -3.054992   5.063263     -0.603   0.546      -12.98058    6.870593
Jstat_55 |   -2.42734   4.010897     -0.605   0.545      -10.28996    5.435278
Jstat_56 |   11.93907   8.765549      1.362   0.173      -5.244165     29.1223
 Jbmod_2 |  -5.439347   6.263591     -0.868   0.385      -17.71795     6.83926
 Jbmod_4 |   3.450729    3.52245      0.980   0.327      -3.454379    10.35584
 Jbmod_5 |   4.775569    3.75578      1.272   0.204      -2.586939    12.13808
 Jbmod_6 |    .106815   2.768123      0.039   0.969      -5.319577    5.533207
 Jbmod_8 |   1.403325   3.739996      0.375   0.708      -5.928243    8.734893
 Jbmod_9 |   1.797452   4.315162      0.417   0.677      -6.661622    10.25653
Jbmod_10 |   9.397626   6.029833      1.559   0.119      -2.422742    21.21799
Jbmod_11 |   12.23954   5.326675      2.298   0.022       1.797581    22.68149
Jbmod_12 |  -1.697997   2.933891     -0.579   0.563      -7.449345    4.053351
Jbmod_13 |   3.001912   3.346223      0.897   0.370      -3.557737    9.561561
Jbmod_15 |   2.137912   5.357844      0.399   0.690      -8.365147    12.64097
Jbmod_16 |   9.283045   4.892928      1.897   0.058        -.30863    18.87472
Jbmod_17 |   .0818104   2.968318      0.028   0.978      -5.737026    5.900646
Jbmod_18 |  -.7054555   3.432662     -0.206   0.837      -7.434553    6.023642
Jbmod_19 |  -.8010813   4.810479     -0.167   0.868      -10.23113    8.628969
Jbmod_20 |   7.474887   4.242409      1.762   0.078       -.841568    15.79134
Jbmod_21 |   1.794547   3.721731      0.482   0.630      -5.501216     9.09031
Jbmod_22 |  -3.280025   3.952619     -0.830   0.407       -11.0284     4.46835
Jbmod_23 |  -8.680621   8.539564     -1.017   0.309      -25.42085    8.059607
Jbmod_24 |   3.567935   3.979688      0.897   0.370      -4.233504    11.36937
Jbmod_25 |  -1.318057   3.619151     -0.364   0.716       -8.41273    5.776615
Jbmod_26 |  -1.433629   3.006299     -0.477   0.633       -7.32692    4.459663
Jbmod_27 |  -4.126908   5.253792     -0.786   0.432      -14.42599    6.172176
Jbmod_28 |   .4721779   3.457597      0.137   0.891      -6.305799    7.250154
Jbmod_29 |  -4.176518   3.597983     -1.161   0.246       -11.2297    2.876659
Jbmod_30 |   4.294262   5.918997      0.726   0.468      -7.308832    15.89736
Jbmod_31 |   1.027262   5.346677      0.192   0.848      -9.453905    11.50843
Jbmod_32 |  -11.25016   5.544997     -2.029   0.043      -22.12009   -.3802227
Jbmod_33 |  -7.811702   7.541069     -1.036   0.300      -22.59457    6.971164
Jbmod_34 |   1.871511   3.380114      0.554   0.580      -4.754575    8.497597
Jbmod_35 |  -1.675816    5.31483     -0.315   0.753      -12.09455    8.742921
Jbmod_36 |   1.730421    2.92222      0.592   0.554      -3.998048    7.458891
Jbmod_37 |  -.7515718   4.009539     -0.187   0.851      -8.611528    7.108384
Jbmod_38 |  -1.171417   7.159754     -0.164   0.870      -15.20678    12.86395
Jbmod_39 |  -.6586647   3.057823     -0.215   0.829      -6.652959     5.33563
Jbmod_40 |     3.2652    3.86758      0.844   0.399      -4.316473    10.84687
Jbmod_41 |   2.173944   3.945065      0.551   0.582      -5.559622     9.90751
Jbmod_42 |   -1.70937   3.386663     -0.505   0.614      -8.348294    4.929553
Jbmod_44 |  -2.795265   5.945133     -0.470   0.638      -14.44959    8.859064
Jbmod_45 |   7.859916   3.800645      2.068   0.039       .4094582    15.31037
Jbmod_46 |  -3.355823   10.40716     -0.322   0.747      -23.75713    17.04548
Jbmod_47 |  -2.198779   3.660193     -0.601   0.548      -9.373907    4.976349
Jbmod_48 |  -.5324351   3.002845     -0.177   0.859      -6.418956    5.354085
Jbmod_49 |   .9998112   5.038625      0.198   0.843      -8.877477     10.8771
Jbmod_50 |   3.699058   8.521881      0.434   0.664      -13.00651    20.40462
Jbmod_51 |   .6414713   3.345193      0.192   0.848      -5.916158      7.1991
Jbmod_53 |   3.021347   3.571016      0.846   0.398      -3.978967    10.02166
Jbmod_54 |  -2.342049   4.645376     -0.504   0.614      -11.44845    6.764348
Jbmod_55 |  -.1885703    4.11509     -0.046   0.963       -8.25544      7.8783
Jbmod_56 |  -4.708947   9.355136     -0.503   0.615      -23.04795    13.63006
Jbmod_99 |   1.442072   2.816599      0.512   0.609      -4.079346     6.96349
   _cons |  -36.04361   5.901543     -6.107   0.000      -47.61249   -24.47473
------------------------------------------------------------------------------

. overid     $exo80_3
age age2 grade centcity white num1317 numge18 num612 othrlt18 othrge18 Jstat_2 
> Jstat_4 Jstat_5 Jstat_6 Jstat_8 Jstat_9 Jstat_10 Jstat_11 Jstat_12 Jstat_13 J
> stat_15 Jstat_16 Jstat_17 Jstat_18 Jstat_19 Jstat_20 Jstat_21 Jstat_22 Jstat_
> 23 Jstat_24 Jstat_25 Jstat_26 Jstat_27 Jstat_28 Jstat_29 Jstat_30 Jstat_31 Js
> tat_32 Jstat_33 Jstat_34 Jstat_35 Jstat_36 Jstat_37 Jstat_38 Jstat_39 Jstat_4
> 0 Jstat_41 Jstat_42 Jstat_44 Jstat_45 Jstat_47 Jstat_48 Jstat_49 Jstat_50 Jst
> at_51 Jstat_53 Jstat_54 Jstat_55 Jstat_56 Jbmod_2 Jbmod_4 Jbmod_5 Jbmod_6 Jbm
> od_8 Jbmod_9 Jbmod_10 Jbmod_11 Jbmod_12 Jbmod_13 Jbmod_15 Jbmod_16 Jbmod_17 J
> bmod_18 Jbmod_19 Jbmod_20 Jbmod_21 Jbmod_22 Jbmod_23 Jbmod_24 Jbmod_25 Jbmod_
> 26 Jbmod_27 Jbmod_28 Jbmod_29 Jbmod_30 Jbmod_31 Jbmod_32 Jbmod_33 Jbmod_34 Jb
> mod_35 Jbmod_36 Jbmod_37 Jbmod_38 Jbmod_39 Jbmod_40 Jbmod_41 Jbmod_42 Jbmod_4
> 4 Jbmod_45 Jbmod_46 Jbmod_47 Jbmod_48 Jbmod_49 Jbmod_50 Jbmod_51 Jbmod_53 Jbm
> od_54 Jbmod_55 Jbmod_56 Jbmod_99 Jqtrk5_1 Jqtrk5_2 Jqtrk5_3
chi2    3.8143459 df      2
p-value .14849963

. stage1  public   $exo80_3,  f($iv80_3)
Jqt*
F       570.19471 df      3
p-value 0

. *table end
. 
. 
. 
.        
. log close                
